[11:51:47] [main/INFO]: Setting user: Player204
[11:51:48] [Client thread/INFO]: LWJGL Version: 2.9.1
[11:51:53] [Client thread/INFO]: Reloading ResourceManager: Default, FMLFileResourcePack:Forge Mod Loader, FMLFileResourcePack:Minecraft Forge, FMLFileResourcePack:Dragon Block AF
[11:51:54] [Sound Library Loader/INFO]: Sound engine started
[11:51:54] [Client thread/INFO]: Created: 16x16 textures/blocks-atlas
[11:51:54] [Client thread/INFO]: Created: 16x16 textures/items-atlas
[11:51:54] [Client thread/INFO]: Reloading ResourceManager: Default, FMLFileResourcePack:Forge Mod Loader, FMLFileResourcePack:Minecraft Forge, FMLFileResourcePack:Dragon Block AF
[11:51:54] [Client thread/INFO]: Created: 512x256 textures/blocks-atlas
[11:51:54] [Client thread/INFO]: Created: 256x256 textures/items-atlas
[11:51:55] [Sound Library Loader/INFO]: Sound engine started
[11:51:58] [Server thread/INFO]: Starting integrated minecraft server version 1.7.10
[11:51:58] [Server thread/INFO]: Generating keypair
[11:51:58] [Server thread/INFO]: Preparing start region for level 0
[11:51:58] [Server thread/INFO]: Changing view distance to 12, from 10
[11:51:59] [Server thread/INFO]: Player204[local:E:4c1d42ad] logged in with entity id 333 at (241.50551849023773, 78.16610926093821, 111.63292598950952)
[11:51:59] [Server thread/INFO]: Player204 joined the game
[11:51:59] [Server thread/INFO]: Saving and pausing game...
[11:51:59] [Server thread/INFO]: Saving chunks for level 'Test'/Overworld
[11:51:59] [Server thread/INFO]: Saving chunks for level 'Test'/Nether
[11:51:59] [Server thread/INFO]: Saving chunks for level 'Test'/The End
[11:52:01] [Server thread/INFO]: Player204 has just earned the achievement [Taking Inventory]
[11:52:01] [Client thread/INFO]: [CHAT] Player204 has just earned the achievement [Taking Inventory]
[11:52:02] [Client thread/WARN]: Failed to load texture: minecraft:java/resources/assets/dbaf/textures/models/armor/cheeselayer1.png
java.io.FileNotFoundException: minecraft:java/resources/assets/dbaf/textures/models/armor/cheeselayer1.png
	at net.minecraft.client.resources.FallbackResourceManager.getResource(FallbackResourceManager.java:65) ~[FallbackResourceManager.class:?]
	at net.minecraft.client.resources.SimpleReloadableResourceManager.getResource(SimpleReloadableResourceManager.java:67) ~[SimpleReloadableResourceManager.class:?]
	at net.minecraft.client.renderer.texture.SimpleTexture.loadTexture(SimpleTexture.java:35) ~[SimpleTexture.class:?]
	at net.minecraft.client.renderer.texture.TextureManager.loadTexture(TextureManager.java:89) [TextureManager.class:?]
	at net.minecraft.client.renderer.texture.TextureManager.bindTexture(TextureManager.java:45) [TextureManager.class:?]
	at net.minecraft.client.renderer.entity.Render.bindTexture(Render.java:60) [Render.class:?]
	at net.minecraft.client.renderer.entity.RenderPlayer.shouldRenderPass(RenderPlayer.java:70) [RenderPlayer.class:?]
	at net.minecraft.client.renderer.entity.RenderPlayer.shouldRenderPass(RenderPlayer.java:517) [RenderPlayer.class:?]
	at net.minecraft.client.renderer.entity.RendererLivingEntity.doRender(RendererLivingEntity.java:173) [RendererLivingEntity.class:?]
	at net.minecraft.client.renderer.entity.RenderPlayer.doRender(RenderPlayer.java:167) [RenderPlayer.class:?]
	at net.minecraft.client.renderer.entity.RenderPlayer.doRender(RenderPlayer.java:565) [RenderPlayer.class:?]
	at net.minecraft.client.renderer.entity.RenderManager.func_147939_a(RenderManager.java:300) [RenderManager.class:?]
	at net.minecraft.client.renderer.entity.RenderManager.renderEntityWithPosYaw(RenderManager.java:283) [RenderManager.class:?]
	at net.minecraft.client.gui.inventory.GuiInventory.func_147046_a(GuiInventory.java:112) [GuiInventory.class:?]
	at net.minecraft.client.gui.inventory.GuiContainerCreative.drawGuiContainerBackgroundLayer(GuiContainerCreative.java:839) [GuiContainerCreative.class:?]
	at net.minecraft.client.gui.inventory.GuiContainer.drawScreen(GuiContainer.java:93) [GuiContainer.class:?]
	at net.minecraft.client.renderer.InventoryEffectRenderer.drawScreen(InventoryEffectRenderer.java:44) [InventoryEffectRenderer.class:?]
	at net.minecraft.client.gui.inventory.GuiContainerCreative.drawScreen(GuiContainerCreative.java:673) [GuiContainerCreative.class:?]
	at net.minecraft.client.renderer.EntityRenderer.updateCameraAndRender(EntityRenderer.java:1137) [EntityRenderer.class:?]
	at net.minecraft.client.Minecraft.runGameLoop(Minecraft.java:1067) [Minecraft.class:?]
	at net.minecraft.client.Minecraft.run(Minecraft.java:962) [Minecraft.class:?]
	at net.minecraft.client.main.Main.main(Main.java:164) [Main.class:?]
	at sun.reflect.NativeMethodAccessorImpl.invoke0(Native Method) ~[?:1.8.0_281]
	at sun.reflect.NativeMethodAccessorImpl.invoke(NativeMethodAccessorImpl.java:62) ~[?:1.8.0_281]
	at sun.reflect.DelegatingMethodAccessorImpl.invoke(DelegatingMethodAccessorImpl.java:43) ~[?:1.8.0_281]
	at java.lang.reflect.Method.invoke(Method.java:498) ~[?:1.8.0_281]
	at net.minecraft.launchwrapper.Launch.launch(Launch.java:135) [launchwrapper-1.12.jar:?]
	at net.minecraft.launchwrapper.Launch.main(Launch.java:28) [launchwrapper-1.12.jar:?]
	at net.minecraftforge.gradle.GradleStartCommon.launch(Unknown Source) [start/:?]
	at GradleStart.main(Unknown Source) [start/:?]
[11:52:02] [Client thread/WARN]: Failed to load texture: minecraft:java/resources/assets/dbaf/textures/models/armor/cheeselayer2.png
java.io.FileNotFoundException: minecraft:java/resources/assets/dbaf/textures/models/armor/cheeselayer2.png
	at net.minecraft.client.resources.FallbackResourceManager.getResource(FallbackResourceManager.java:65) ~[FallbackResourceManager.class:?]
	at net.minecraft.client.resources.SimpleReloadableResourceManager.getResource(SimpleReloadableResourceManager.java:67) ~[SimpleReloadableResourceManager.class:?]
	at net.minecraft.client.renderer.texture.SimpleTexture.loadTexture(SimpleTexture.java:35) ~[SimpleTexture.class:?]
	at net.minecraft.client.renderer.texture.TextureManager.loadTexture(TextureManager.java:89) [TextureManager.class:?]
	at net.minecraft.client.renderer.texture.TextureManager.bindTexture(TextureManager.java:45) [TextureManager.class:?]
	at net.minecraft.client.renderer.entity.Render.bindTexture(Render.java:60) [Render.class:?]
	at net.minecraft.client.renderer.entity.RenderPlayer.shouldRenderPass(RenderPlayer.java:70) [RenderPlayer.class:?]
	at net.minecraft.client.renderer.entity.RenderPlayer.shouldRenderPass(RenderPlayer.java:517) [RenderPlayer.class:?]
	at net.minecraft.client.renderer.entity.RendererLivingEntity.doRender(RendererLivingEntity.java:173) [RendererLivingEntity.class:?]
	at net.minecraft.client.renderer.entity.RenderPlayer.doRender(RenderPlayer.java:167) [RenderPlayer.class:?]
	at net.minecraft.client.renderer.entity.RenderPlayer.doRender(RenderPlayer.java:565) [RenderPlayer.class:?]
	at net.minecraft.client.renderer.entity.RenderManager.func_147939_a(RenderManager.java:300) [RenderManager.class:?]
	at net.minecraft.client.renderer.entity.RenderManager.renderEntityWithPosYaw(RenderManager.java:283) [RenderManager.class:?]
	at net.minecraft.client.gui.inventory.GuiInventory.func_147046_a(GuiInventory.java:112) [GuiInventory.class:?]
	at net.minecraft.client.gui.inventory.GuiContainerCreative.drawGuiContainerBackgroundLayer(GuiContainerCreative.java:839) [GuiContainerCreative.class:?]
	at net.minecraft.client.gui.inventory.GuiContainer.drawScreen(GuiContainer.java:93) [GuiContainer.class:?]
	at net.minecraft.client.renderer.InventoryEffectRenderer.drawScreen(InventoryEffectRenderer.java:44) [InventoryEffectRenderer.class:?]
	at net.minecraft.client.gui.inventory.GuiContainerCreative.drawScreen(GuiContainerCreative.java:673) [GuiContainerCreative.class:?]
	at net.minecraft.client.renderer.EntityRenderer.updateCameraAndRender(EntityRenderer.java:1137) [EntityRenderer.class:?]
	at net.minecraft.client.Minecraft.runGameLoop(Minecraft.java:1067) [Minecraft.class:?]
	at net.minecraft.client.Minecraft.run(Minecraft.java:962) [Minecraft.class:?]
	at net.minecraft.client.main.Main.main(Main.java:164) [Main.class:?]
	at sun.reflect.NativeMethodAccessorImpl.invoke0(Native Method) ~[?:1.8.0_281]
	at sun.reflect.NativeMethodAccessorImpl.invoke(NativeMethodAccessorImpl.java:62) ~[?:1.8.0_281]
	at sun.reflect.DelegatingMethodAccessorImpl.invoke(DelegatingMethodAccessorImpl.java:43) ~[?:1.8.0_281]
	at java.lang.reflect.Method.invoke(Method.java:498) ~[?:1.8.0_281]
	at net.minecraft.launchwrapper.Launch.launch(Launch.java:135) [launchwrapper-1.12.jar:?]
	at net.minecraft.launchwrapper.Launch.main(Launch.java:28) [launchwrapper-1.12.jar:?]
	at net.minecraftforge.gradle.GradleStartCommon.launch(Unknown Source) [start/:?]
	at GradleStart.main(Unknown Source) [start/:?]
[11:52:06] [Server thread/INFO]: Saving and pausing game...
[11:52:06] [Server thread/INFO]: Saving chunks for level 'Test'/Overworld
[11:52:06] [Server thread/INFO]: Saving chunks for level 'Test'/Nether
[11:52:06] [Server thread/INFO]: Saving chunks for level 'Test'/The End
[11:52:09] [Client thread/INFO]: Stopping!
[11:52:09] [Server thread/INFO]: Stopping server
[11:52:09] [Server thread/INFO]: Saving players
[11:52:09] [Server thread/INFO]: Saving worlds
[11:52:09] [Server thread/INFO]: Saving chunks for level 'Test'/Overworld
[11:52:09] [Server thread/INFO]: Saving chunks for level 'Test'/Nether
[11:52:09] [Server thread/INFO]: Saving chunks for level 'Test'/The End
