#
# There is insufficient memory for the Java Runtime Environment to continue.
# Native memory allocation (malloc) failed to allocate 1048576 bytes for AllocateHeap
# Possible reasons:
#   The system is out of physical RAM or swap space
#   The process is running with CompressedOops enabled, and the Java Heap may be blocking the growth of the native heap
# Possible solutions:
#   Reduce memory load on the system
#   Increase physical memory or swap space
#   Check if swap backing store is full
#   Decrease Java heap size (-Xmx/-Xms)
#   Decrease number of Java threads
#   Decrease Java thread stack sizes (-Xss)
#   Set larger code cache with -XX:ReservedCodeCacheSize=
#   JVM is running with Zero Based Compressed Oops mode in which the Java heap is
#     placed in the first 32GB address space. The Java Heap base address is the
#     maximum limit for the native heap growth. Please use -XX:HeapBaseMinAddress
#     to set the Java Heap base and to place the Java Heap above 32GB virtual address.
# This output file may be truncated or incomplete.
#
#  Out of Memory Error (memory/allocation.inline.hpp:61), pid=10804, tid=0x00000000000030c4
#
# JRE version:  (8.0_281-b09) (build )
# Java VM: Java HotSpot(TM) 64-Bit Server VM (25.281-b09 mixed mode windows-amd64 compressed oops)
# Failed to write core dump. Minidumps are not enabled by default on client versions of Windows
#

---------------  T H R E A D  ---------------

Current thread (0x0000025a76be7800):  JavaThread "Unknown thread" [_thread_in_vm, id=12484, stack(0x000000b727700000,0x000000b727800000)]

Stack: [0x000000b727700000,0x000000b727800000]
Native frames: (J=compiled Java code, j=interpreted, Vv=VM code, C=native code)
V  [jvm.dll+0x32e5b9]
V  [jvm.dll+0x275012]
V  [jvm.dll+0x275cbd]
V  [jvm.dll+0x26c6f5]
V  [jvm.dll+0x509d]
V  [jvm.dll+0x3c96ec]
V  [jvm.dll+0x3c5a67]
V  [jvm.dll+0xfcaaf]
V  [jvm.dll+0x209a1b]
V  [jvm.dll+0x2383d7]
V  [jvm.dll+0x162566]
C  [java.exe+0x2312]
C  [java.exe+0x15f54]
C  [KERNEL32.DLL+0x17034]
C  [ntdll.dll+0x52651]


---------------  P R O C E S S  ---------------

Java Threads: ( => current thread )

Other Threads:

=>0x0000025a76be7800 (exited) JavaThread "Unknown thread" [_thread_in_vm, id=12484, stack(0x000000b727700000,0x000000b727800000)]

VM state:not at safepoint (normal execution)

VM Mutex/Monitor currently owned by a thread: None

heap address: 0x00000006c1200000, size: 4078 MB, Compressed Oops mode: Zero based, Oop shift amount: 3
Narrow klass base: 0x0000000000000000, Narrow klass shift: 3
Compressed class space size: 1073741824 Address: 0x00000007c0000000

Heap:
 PSYoungGen      total 76288K, used 1310K [0x000000076b100000, 0x0000000770600000, 0x00000007c0000000)
  eden space 65536K, 2% used [0x000000076b100000,0x000000076b247af0,0x000000076f100000)
  from space 10752K, 0% used [0x000000076fb80000,0x000000076fb80000,0x0000000770600000)
  to   space 10752K, 0% used [0x000000076f100000,0x000000076f100000,0x000000076fb80000)
 ParOldGen       total 175104K, used 0K [0x00000006c1200000, 0x00000006cbd00000, 0x000000076b100000)
  object space 175104K, 0% used [0x00000006c1200000,0x00000006c1200000,0x00000006cbd00000)
 Metaspace       used 777K, capacity 4480K, committed 4480K, reserved 1056768K
  class space    used 76K, capacity 384K, committed 384K, reserved 1048576K

Card table byte_map: [0x0000025a78990000,0x0000025a79190000] byte_map_base: 0x0000025a75387000

Marking Bits: (ParMarkBitMap*) 0x000000005a6d6ff0
 Begin Bits: [0x0000025a0f000000, 0x0000025a12fb8000)
 End Bits:   [0x0000025a12fb8000, 0x0000025a16f70000)

Polling page: 0x0000025a76b90000

CodeCache: size=245760Kb used=327Kb max_used=327Kb free=245432Kb
 bounds [0x0000025a00000000, 0x0000025a00270000, 0x0000025a0f000000]
 total_blobs=57 nmethods=0 adapters=38
 compilation: enabled

Compilation events (0 events):
No events

GC Heap History (0 events):
No events

Deoptimization events (0 events):
No events

Classes redefined (0 events):
No events

Internal exceptions (0 events):
No events

Events (10 events):
Event: 0.017 loading class java/lang/Short
Event: 0.017 loading class java/lang/Short done
Event: 0.017 loading class java/lang/Integer
Event: 0.017 loading class java/lang/Integer done
Event: 0.017 loading class java/lang/Long
Event: 0.017 loading class java/lang/Long done
Event: 0.018 loading class java/lang/NullPointerException
Event: 0.018 loading class java/lang/NullPointerException done
Event: 0.018 loading class java/lang/ArithmeticException
Event: 0.018 loading class java/lang/ArithmeticException done


Dynamic libraries:
0x00007ff66cb20000 - 0x00007ff66cb67000 	C:\Program Files\Java\jdk1.8.0_281\bin\java.exe
0x00007ffb2a450000 - 0x00007ffb2a645000 	C:\WINDOWS\SYSTEM32\ntdll.dll
0x00007ffb293b0000 - 0x00007ffb2946d000 	C:\WINDOWS\System32\KERNEL32.DLL
0x00007ffb27c90000 - 0x00007ffb27f58000 	C:\WINDOWS\System32\KERNELBASE.dll
0x00007ffb28880000 - 0x00007ffb2892c000 	C:\WINDOWS\System32\ADVAPI32.dll
0x00007ffb284b0000 - 0x00007ffb2854e000 	C:\WINDOWS\System32\msvcrt.dll
0x00007ffb289e0000 - 0x00007ffb28a7b000 	C:\WINDOWS\System32\sechost.dll
0x00007ffb285b0000 - 0x00007ffb286db000 	C:\WINDOWS\System32\RPCRT4.dll
0x00007ffb29480000 - 0x00007ffb29620000 	C:\WINDOWS\System32\USER32.dll
0x00007ffb28240000 - 0x00007ffb28262000 	C:\WINDOWS\System32\win32u.dll
0x00007ffb29ad0000 - 0x00007ffb29afa000 	C:\WINDOWS\System32\GDI32.dll
0x00007ffb28130000 - 0x00007ffb2823b000 	C:\WINDOWS\System32\gdi32full.dll
0x00007ffb27fb0000 - 0x00007ffb2804d000 	C:\WINDOWS\System32\msvcp_win.dll
0x00007ffb27b90000 - 0x00007ffb27c90000 	C:\WINDOWS\System32\ucrtbase.dll
0x00007ffb0d580000 - 0x00007ffb0d81a000 	C:\WINDOWS\WinSxS\amd64_microsoft.windows.common-controls_6595b64144ccf1df_6.0.19041.844_none_ca00b6081b84eb1d\COMCTL32.dll
0x00007ffb28a80000 - 0x00007ffb28ab0000 	C:\WINDOWS\System32\IMM32.DLL
0x00007ffb1bec0000 - 0x00007ffb1bed5000 	C:\Program Files\Java\jdk1.8.0_281\jre\bin\vcruntime140.dll
0x00007ffb16bc0000 - 0x00007ffb16c5b000 	C:\Program Files\Java\jdk1.8.0_281\jre\bin\msvcp140.dll
0x0000000059ef0000 - 0x000000005a74f000 	C:\Program Files\Java\jdk1.8.0_281\jre\bin\server\jvm.dll
0x00007ffb2a080000 - 0x00007ffb2a088000 	C:\WINDOWS\System32\PSAPI.DLL
0x00007ffb218a0000 - 0x00007ffb218a9000 	C:\WINDOWS\SYSTEM32\WSOCK32.dll
0x00007ffb1e8d0000 - 0x00007ffb1e8f7000 	C:\WINDOWS\SYSTEM32\WINMM.dll
0x00007ffb20370000 - 0x00007ffb2037a000 	C:\WINDOWS\SYSTEM32\VERSION.dll
0x00007ffb286e0000 - 0x00007ffb2874b000 	C:\WINDOWS\System32\WS2_32.dll
0x00007ffb25af0000 - 0x00007ffb25b02000 	C:\WINDOWS\SYSTEM32\kernel.appcore.dll
0x00007ffb23890000 - 0x00007ffb238a0000 	C:\Program Files\Java\jdk1.8.0_281\jre\bin\verify.dll
0x00007ffb1b740000 - 0x00007ffb1b76b000 	C:\Program Files\Java\jdk1.8.0_281\jre\bin\java.dll
0x00007ffb1bea0000 - 0x00007ffb1beb8000 	C:\Program Files\Java\jdk1.8.0_281\jre\bin\zip.dll
0x00007ffb20770000 - 0x00007ffb20954000 	C:\WINDOWS\SYSTEM32\dbghelp.dll
0x00007ffb28050000 - 0x00007ffb280d0000 	C:\WINDOWS\System32\bcryptPrimitives.dll

VM Arguments:
jvm_args: -Dfile.encoding=windows-1252 -Duser.country=US -Duser.language=en -Duser.variant 
java_command: GradleStart
java_class_path (initial): C:\Users\Aaron\.gradle\caches\minecraft\net\minecraftforge\forge\1.7.10-10.13.4.1558-1.7.10\start;C:\Users\Aaron\.gradle\caches\minecraft\net\minecraftforge\forge\1.7.10-10.13.4.1558-1.7.10\forgeSrc-1.7.10-10.13.4.1558-1.7.10.jar;C:\Users\Aaron\.gradle\caches\modules-2\files-2.1\net.minecraft\launchwrapper\1.12\111e7bea9c968cdb3d06ef4632bf7ff0824d0f36\launchwrapper-1.12.jar;C:\Users\Aaron\.gradle\caches\modules-2\files-2.1\com.google.code.findbugs\jsr305\1.3.9\40719ea6961c0cb6afaeb6a921eaa1f6afd4cfdf\jsr305-1.3.9.jar;C:\Users\Aaron\.gradle\caches\modules-2\files-2.1\org.ow2.asm\asm-debug-all\5.0.3\f9e364ae2a66ce2a543012a4668856e84e5dab74\asm-debug-all-5.0.3.jar;C:\Users\Aaron\.gradle\caches\modules-2\files-2.1\com.typesafe.akka\akka-actor_2.11\2.3.3\ed62e9fc709ca0f2ff1a3220daa8b70a2870078e\akka-actor_2.11-2.3.3.jar;C:\Users\Aaron\.gradle\caches\modules-2\files-2.1\com.typesafe\config\1.2.1\f771f71fdae3df231bcd54d5ca2d57f0bf93f467\config-1.2.1.jar;C:\Users\Aaron\.gradle\caches\modules-2\files-2.1\org.scala-lang\scala-actors-migration_2.11\1.1.0\dfa8bc42b181d5b9f1a5dd147f8ae308b893eb6f\scala-actors-migration_2.11-1.1.0.jar;C:\Users\Aaron\.gradle\caches\modules-2\files-2.1\org.scala-lang\scala-compiler\2.11.1\56ea2e6c025e0821f28d73ca271218b8dd04926a\scala-compiler-2.11.1.jar;C:\Users\Aaron\.gradle\caches\modules-2\files-2.1\org.scala-lang.plugins\scala-continuations-library_2.11\1.0.2\e517c53a7e9acd6b1668c5a35eccbaa3bab9aac\scala-continuations-library_2.11-1.0.2.jar;C:\Users\Aaron\.gradle\caches\modules-2\files-2.1\org.scala-lang.plugins\scala-continuations-plugin_2.11.1\1.0.2\f361a3283452c57fa30c1ee69448995de23c60f7\scala-continuations-plugin_2.11.1-1.0.2.jar;C:\Users\Aaron\.gradle\caches\modules-2\files-2.1\org.scala-lang\scala-library\2.11.1\e11da23da3eabab9f4777b9220e60d44c1aab6a\scala-library-2.11.1.jar;C:\Users\Aaron\.gradle\caches\modules-2\files-2.1\org.scala-lang\scala-parser-combinators_2.11\1.0.1\f05d7345bf5a58924f2837c6c1f4d73a9
Launcher Type: SUN_STANDARD

Environment Variables:
JAVA_HOME=C:\Program Files\Java\jdk1.8.0_281
PATH=C:\WINDOWS\System32;C:\Users\Aaron\AppData\Local\Microsoft\WindowsApps;C:\Users\Aaron\AppData\Local\GitHubDesktop\bin;C:\Users\Aaron\AppData\Local\Microsoft\WindowsApps;E:\Microsoft VS Code\bin;C:\Users\Aaron\AppData\Roaming\npm;C:\Users\Aaron\AppData\Local\Programs\Git\cmd
USERNAME=Aaron
OS=Windows_NT
PROCESSOR_IDENTIFIER=AMD64 Family 23 Model 113 Stepping 0, AuthenticAMD



---------------  S Y S T E M  ---------------

OS: Windows 10.0 , 64 bit Build 19041 (10.0.19041.804)

CPU:total 12 (initial active 12) (12 cores per cpu, 1 threads per core) family 23 model 113 stepping 0, cmov, cx8, fxsr, mmx, sse, sse2, sse3, ssse3, sse4.1, sse4.2, popcnt, avx, avx2, aes, clmul, mmxext, 3dnowpref, lzcnt, sse4a, tsc, tscinvbit, tscinv, bmi1

Memory: 4k page, physical 16701652k(6654532k free), swap 18666708k(4132k free)

vm_info: Java HotSpot(TM) 64-Bit Server VM (25.281-b09) for windows-amd64 JRE (1.8.0_281-b09), built on Dec  9 2020 13:54:07 by "" with MS VC++ 15.9 (VS2017)

time: Thu Apr  1 20:07:27 2021
timezone: Pacific Daylight Time
elapsed time: 0.035484 seconds (0d 0h 0m 0s)

